[2024-04-18T01:20:06.661+0000] {local_task_job_runner.py:120} INFO - ::group::Pre task execution logs
[2024-04-18T01:20:06.772+0000] {taskinstance.py:2073} INFO - Dependencies all met for dep_context=non-requeueable deps ti=<TaskInstance: example_bash_operator.this_will_skip scheduled__2024-04-17T00:00:00+00:00 [queued]>
[2024-04-18T01:20:06.796+0000] {taskinstance.py:2073} INFO - Dependencies all met for dep_context=requeueable deps ti=<TaskInstance: example_bash_operator.this_will_skip scheduled__2024-04-17T00:00:00+00:00 [queued]>
[2024-04-18T01:20:06.799+0000] {taskinstance.py:2303} INFO - Starting attempt 1 of 1
[2024-04-18T01:20:06.834+0000] {taskinstance.py:2327} INFO - Executing <Task(BashOperator): this_will_skip> on 2024-04-17 00:00:00+00:00
[2024-04-18T01:20:06.857+0000] {standard_task_runner.py:90} INFO - Running: ['***', 'tasks', 'run', 'example_bash_operator', 'this_will_skip', 'scheduled__2024-04-17T00:00:00+00:00', '--job-id', '7', '--raw', '--subdir', '/home/***/.local/lib/python3.12/site-packages/***/example_dags/example_bash_operator.py', '--cfg-path', '/tmp/tmpxzh1b1ih']
[2024-04-18T01:20:06.865+0000] {standard_task_runner.py:91} INFO - Job 7: Subtask this_will_skip
[2024-04-18T01:20:06.868+0000] {logging_mixin.py:188} WARNING - /home/***/.local/lib/python3.12/site-packages/***/task/task_runner/standard_task_runner.py:61 DeprecationWarning: This process (pid=4102) is multi-threaded, use of fork() may lead to deadlocks in the child.
[2024-04-18T01:20:06.874+0000] {standard_task_runner.py:63} INFO - Started process 4113 to run task
[2024-04-18T01:20:07.023+0000] {task_command.py:426} INFO - Running <TaskInstance: example_bash_operator.this_will_skip scheduled__2024-04-17T00:00:00+00:00 [running]> on host d7f8e5549574
[2024-04-18T01:20:07.278+0000] {taskinstance.py:2644} INFO - Exporting env vars: AIRFLOW_CTX_DAG_OWNER='***' AIRFLOW_CTX_DAG_ID='example_bash_operator' AIRFLOW_CTX_TASK_ID='this_will_skip' AIRFLOW_CTX_EXECUTION_DATE='2024-04-17T00:00:00+00:00' AIRFLOW_CTX_TRY_NUMBER='1' AIRFLOW_CTX_DAG_RUN_ID='scheduled__2024-04-17T00:00:00+00:00'
[2024-04-18T01:20:07.283+0000] {taskinstance.py:430} INFO - ::endgroup::
[2024-04-18T01:20:07.286+0000] {subprocess.py:63} INFO - Tmp dir root location: /tmp
[2024-04-18T01:20:07.288+0000] {subprocess.py:75} INFO - Running command: ['/usr/bin/bash', '-c', 'echo "hello world"; exit 99;']
[2024-04-18T01:20:07.305+0000] {subprocess.py:86} INFO - Output:
[2024-04-18T01:20:07.309+0000] {subprocess.py:93} INFO - hello world
[2024-04-18T01:20:07.310+0000] {subprocess.py:97} INFO - Command exited with return code 99
[2024-04-18T01:20:07.311+0000] {taskinstance.py:441} INFO - ::group::Post task execution logs
[2024-04-18T01:20:07.312+0000] {taskinstance.py:2502} INFO - Bash command returned exit code 99. Skipping.
[2024-04-18T01:20:07.337+0000] {taskinstance.py:1205} INFO - Marking task as SKIPPED. dag_id=example_bash_operator, task_id=this_will_skip, execution_date=20240417T000000, start_date=20240418T012006, end_date=20240418T012007
[2024-04-18T01:20:07.389+0000] {local_task_job_runner.py:240} INFO - Task exited with return code 0
[2024-04-18T01:20:07.439+0000] {taskinstance.py:3482} INFO - 0 downstream tasks scheduled from follow-on schedule check
[2024-04-18T01:20:07.449+0000] {local_task_job_runner.py:222} INFO - ::endgroup::
