[2024-04-18T01:20:06.532+0000] {local_task_job_runner.py:120} INFO - ::group::Pre task execution logs
[2024-04-18T01:20:06.693+0000] {taskinstance.py:2073} INFO - Dependencies all met for dep_context=non-requeueable deps ti=<TaskInstance: example_bash_operator.also_run_this scheduled__2024-04-17T00:00:00+00:00 [queued]>
[2024-04-18T01:20:06.714+0000] {taskinstance.py:2073} INFO - Dependencies all met for dep_context=requeueable deps ti=<TaskInstance: example_bash_operator.also_run_this scheduled__2024-04-17T00:00:00+00:00 [queued]>
[2024-04-18T01:20:06.714+0000] {taskinstance.py:2303} INFO - Starting attempt 1 of 1
[2024-04-18T01:20:06.749+0000] {taskinstance.py:2327} INFO - Executing <Task(BashOperator): also_run_this> on 2024-04-17 00:00:00+00:00
[2024-04-18T01:20:06.767+0000] {standard_task_runner.py:90} INFO - Running: ['***', 'tasks', 'run', 'example_bash_operator', 'also_run_this', 'scheduled__2024-04-17T00:00:00+00:00', '--job-id', '5', '--raw', '--subdir', '/home/***/.local/lib/python3.12/site-packages/***/example_dags/example_bash_operator.py', '--cfg-path', '/tmp/tmp_wl96_h4']
[2024-04-18T01:20:06.775+0000] {standard_task_runner.py:91} INFO - Job 5: Subtask also_run_this
[2024-04-18T01:20:06.789+0000] {logging_mixin.py:188} WARNING - /home/***/.local/lib/python3.12/site-packages/***/task/task_runner/standard_task_runner.py:61 DeprecationWarning: This process (pid=4103) is multi-threaded, use of fork() may lead to deadlocks in the child.
[2024-04-18T01:20:06.791+0000] {standard_task_runner.py:63} INFO - Started process 4111 to run task
[2024-04-18T01:20:06.922+0000] {task_command.py:426} INFO - Running <TaskInstance: example_bash_operator.also_run_this scheduled__2024-04-17T00:00:00+00:00 [running]> on host d7f8e5549574
[2024-04-18T01:20:07.167+0000] {taskinstance.py:2644} INFO - Exporting env vars: AIRFLOW_CTX_DAG_OWNER='***' AIRFLOW_CTX_DAG_ID='example_bash_operator' AIRFLOW_CTX_TASK_ID='also_run_this' AIRFLOW_CTX_EXECUTION_DATE='2024-04-17T00:00:00+00:00' AIRFLOW_CTX_TRY_NUMBER='1' AIRFLOW_CTX_DAG_RUN_ID='scheduled__2024-04-17T00:00:00+00:00'
[2024-04-18T01:20:07.174+0000] {taskinstance.py:430} INFO - ::endgroup::
[2024-04-18T01:20:07.175+0000] {subprocess.py:63} INFO - Tmp dir root location: /tmp
[2024-04-18T01:20:07.178+0000] {subprocess.py:75} INFO - Running command: ['/usr/bin/bash', '-c', 'echo "ti_key=example_bash_operator__also_run_this__20240417"']
[2024-04-18T01:20:07.200+0000] {subprocess.py:86} INFO - Output:
[2024-04-18T01:20:07.204+0000] {subprocess.py:93} INFO - ti_key=example_bash_operator__also_run_this__20240417
[2024-04-18T01:20:07.206+0000] {subprocess.py:97} INFO - Command exited with return code 0
[2024-04-18T01:20:07.207+0000] {taskinstance.py:441} INFO - ::group::Post task execution logs
[2024-04-18T01:20:07.258+0000] {taskinstance.py:1205} INFO - Marking task as SUCCESS. dag_id=example_bash_operator, task_id=also_run_this, execution_date=20240417T000000, start_date=20240418T012006, end_date=20240418T012007
[2024-04-18T01:20:07.294+0000] {local_task_job_runner.py:240} INFO - Task exited with return code 0
[2024-04-18T01:20:07.340+0000] {taskinstance.py:3482} INFO - 0 downstream tasks scheduled from follow-on schedule check
[2024-04-18T01:20:07.342+0000] {local_task_job_runner.py:222} INFO - ::endgroup::
