[2024-04-18T01:22:10.927+0000] {local_task_job_runner.py:120} INFO - ::group::Pre task execution logs
[2024-04-18T01:22:11.036+0000] {taskinstance.py:2073} INFO - Dependencies all met for dep_context=non-requeueable deps ti=<TaskInstance: example_bash_operator.runme_1 manual__2024-04-18T01:22:00+00:00 [queued]>
[2024-04-18T01:22:11.064+0000] {taskinstance.py:2073} INFO - Dependencies all met for dep_context=requeueable deps ti=<TaskInstance: example_bash_operator.runme_1 manual__2024-04-18T01:22:00+00:00 [queued]>
[2024-04-18T01:22:11.065+0000] {taskinstance.py:2303} INFO - Starting attempt 1 of 1
[2024-04-18T01:22:11.112+0000] {taskinstance.py:2327} INFO - Executing <Task(BashOperator): runme_1> on 2024-04-18 01:22:00+00:00
[2024-04-18T01:22:11.129+0000] {standard_task_runner.py:90} INFO - Running: ['***', 'tasks', 'run', 'example_bash_operator', 'runme_1', 'manual__2024-04-18T01:22:00+00:00', '--job-id', '13', '--raw', '--subdir', '/home/***/.local/lib/python3.12/site-packages/***/example_dags/example_bash_operator.py', '--cfg-path', '/tmp/tmpladzismj']
[2024-04-18T01:22:11.145+0000] {standard_task_runner.py:91} INFO - Job 13: Subtask runme_1
[2024-04-18T01:22:11.155+0000] {logging_mixin.py:188} WARNING - /home/***/.local/lib/python3.12/site-packages/***/task/task_runner/standard_task_runner.py:61 DeprecationWarning: This process (pid=5173) is multi-threaded, use of fork() may lead to deadlocks in the child.
[2024-04-18T01:22:11.157+0000] {standard_task_runner.py:63} INFO - Started process 5186 to run task
[2024-04-18T01:22:11.307+0000] {task_command.py:426} INFO - Running <TaskInstance: example_bash_operator.runme_1 manual__2024-04-18T01:22:00+00:00 [running]> on host d7f8e5549574
[2024-04-18T01:22:11.581+0000] {taskinstance.py:2644} INFO - Exporting env vars: AIRFLOW_CTX_DAG_OWNER='***' AIRFLOW_CTX_DAG_ID='example_bash_operator' AIRFLOW_CTX_TASK_ID='runme_1' AIRFLOW_CTX_EXECUTION_DATE='2024-04-18T01:22:00+00:00' AIRFLOW_CTX_TRY_NUMBER='1' AIRFLOW_CTX_DAG_RUN_ID='manual__2024-04-18T01:22:00+00:00'
[2024-04-18T01:22:11.587+0000] {taskinstance.py:430} INFO - ::endgroup::
[2024-04-18T01:22:11.588+0000] {subprocess.py:63} INFO - Tmp dir root location: /tmp
[2024-04-18T01:22:11.590+0000] {subprocess.py:75} INFO - Running command: ['/usr/bin/bash', '-c', 'echo "example_bash_operator__runme_1__20240418" && sleep 1']
[2024-04-18T01:22:11.611+0000] {subprocess.py:86} INFO - Output:
[2024-04-18T01:22:11.616+0000] {subprocess.py:93} INFO - example_bash_operator__runme_1__20240418
[2024-04-18T01:22:12.621+0000] {subprocess.py:97} INFO - Command exited with return code 0
[2024-04-18T01:22:12.622+0000] {taskinstance.py:441} INFO - ::group::Post task execution logs
[2024-04-18T01:22:12.662+0000] {taskinstance.py:1205} INFO - Marking task as SUCCESS. dag_id=example_bash_operator, task_id=runme_1, execution_date=20240418T012200, start_date=20240418T012211, end_date=20240418T012212
[2024-04-18T01:22:12.710+0000] {local_task_job_runner.py:240} INFO - Task exited with return code 0
[2024-04-18T01:22:12.744+0000] {taskinstance.py:3482} INFO - 1 downstream tasks scheduled from follow-on schedule check
[2024-04-18T01:22:12.747+0000] {local_task_job_runner.py:222} INFO - ::endgroup::
