[2024-04-18T01:22:10.823+0000] {local_task_job_runner.py:120} INFO - ::group::Pre task execution logs
[2024-04-18T01:22:10.938+0000] {taskinstance.py:2073} INFO - Dependencies all met for dep_context=non-requeueable deps ti=<TaskInstance: example_bash_operator.also_run_this manual__2024-04-18T01:22:00+00:00 [queued]>
[2024-04-18T01:22:10.965+0000] {taskinstance.py:2073} INFO - Dependencies all met for dep_context=requeueable deps ti=<TaskInstance: example_bash_operator.also_run_this manual__2024-04-18T01:22:00+00:00 [queued]>
[2024-04-18T01:22:10.966+0000] {taskinstance.py:2303} INFO - Starting attempt 1 of 1
[2024-04-18T01:22:11.025+0000] {taskinstance.py:2327} INFO - Executing <Task(BashOperator): also_run_this> on 2024-04-18 01:22:00+00:00
[2024-04-18T01:22:11.043+0000] {standard_task_runner.py:90} INFO - Running: ['***', 'tasks', 'run', 'example_bash_operator', 'also_run_this', 'manual__2024-04-18T01:22:00+00:00', '--job-id', '10', '--raw', '--subdir', '/home/***/.local/lib/python3.12/site-packages/***/example_dags/example_bash_operator.py', '--cfg-path', '/tmp/tmp23oc87l1']
[2024-04-18T01:22:11.053+0000] {standard_task_runner.py:91} INFO - Job 10: Subtask also_run_this
[2024-04-18T01:22:11.058+0000] {logging_mixin.py:188} WARNING - /home/***/.local/lib/python3.12/site-packages/***/task/task_runner/standard_task_runner.py:61 DeprecationWarning: This process (pid=5172) is multi-threaded, use of fork() may lead to deadlocks in the child.
[2024-04-18T01:22:11.059+0000] {standard_task_runner.py:63} INFO - Started process 5183 to run task
[2024-04-18T01:22:11.275+0000] {task_command.py:426} INFO - Running <TaskInstance: example_bash_operator.also_run_this manual__2024-04-18T01:22:00+00:00 [running]> on host d7f8e5549574
[2024-04-18T01:22:11.547+0000] {taskinstance.py:2644} INFO - Exporting env vars: AIRFLOW_CTX_DAG_OWNER='***' AIRFLOW_CTX_DAG_ID='example_bash_operator' AIRFLOW_CTX_TASK_ID='also_run_this' AIRFLOW_CTX_EXECUTION_DATE='2024-04-18T01:22:00+00:00' AIRFLOW_CTX_TRY_NUMBER='1' AIRFLOW_CTX_DAG_RUN_ID='manual__2024-04-18T01:22:00+00:00'
[2024-04-18T01:22:11.550+0000] {taskinstance.py:430} INFO - ::endgroup::
[2024-04-18T01:22:11.553+0000] {subprocess.py:63} INFO - Tmp dir root location: /tmp
[2024-04-18T01:22:11.555+0000] {subprocess.py:75} INFO - Running command: ['/usr/bin/bash', '-c', 'echo "ti_key=example_bash_operator__also_run_this__20240418"']
[2024-04-18T01:22:11.579+0000] {subprocess.py:86} INFO - Output:
[2024-04-18T01:22:11.580+0000] {subprocess.py:93} INFO - ti_key=example_bash_operator__also_run_this__20240418
[2024-04-18T01:22:11.580+0000] {subprocess.py:97} INFO - Command exited with return code 0
[2024-04-18T01:22:11.581+0000] {taskinstance.py:441} INFO - ::group::Post task execution logs
[2024-04-18T01:22:11.640+0000] {taskinstance.py:1205} INFO - Marking task as SUCCESS. dag_id=example_bash_operator, task_id=also_run_this, execution_date=20240418T012200, start_date=20240418T012210, end_date=20240418T012211
[2024-04-18T01:22:11.688+0000] {local_task_job_runner.py:240} INFO - Task exited with return code 0
[2024-04-18T01:22:11.737+0000] {taskinstance.py:3482} INFO - 0 downstream tasks scheduled from follow-on schedule check
[2024-04-18T01:22:11.748+0000] {local_task_job_runner.py:222} INFO - ::endgroup::
