[2024-04-18T01:20:10.668+0000] {local_task_job_runner.py:120} INFO - ::group::Pre task execution logs
[2024-04-18T01:20:10.712+0000] {taskinstance.py:2073} INFO - Dependencies all met for dep_context=non-requeueable deps ti=<TaskInstance: example_bash_operator.run_after_loop scheduled__2024-04-17T00:00:00+00:00 [queued]>
[2024-04-18T01:20:10.730+0000] {taskinstance.py:2073} INFO - Dependencies all met for dep_context=requeueable deps ti=<TaskInstance: example_bash_operator.run_after_loop scheduled__2024-04-17T00:00:00+00:00 [queued]>
[2024-04-18T01:20:10.731+0000] {taskinstance.py:2303} INFO - Starting attempt 1 of 1
[2024-04-18T01:20:10.754+0000] {taskinstance.py:2327} INFO - Executing <Task(BashOperator): run_after_loop> on 2024-04-17 00:00:00+00:00
[2024-04-18T01:20:10.765+0000] {standard_task_runner.py:90} INFO - Running: ['***', 'tasks', 'run', 'example_bash_operator', 'run_after_loop', 'scheduled__2024-04-17T00:00:00+00:00', '--job-id', '8', '--raw', '--subdir', '/home/***/.local/lib/python3.12/site-packages/***/example_dags/example_bash_operator.py', '--cfg-path', '/tmp/tmpcqshj1__']
[2024-04-18T01:20:10.769+0000] {standard_task_runner.py:91} INFO - Job 8: Subtask run_after_loop
[2024-04-18T01:20:10.771+0000] {logging_mixin.py:188} WARNING - /home/***/.local/lib/python3.12/site-packages/***/task/task_runner/standard_task_runner.py:61 DeprecationWarning: This process (pid=4119) is multi-threaded, use of fork() may lead to deadlocks in the child.
[2024-04-18T01:20:10.772+0000] {standard_task_runner.py:63} INFO - Started process 4132 to run task
[2024-04-18T01:20:10.850+0000] {task_command.py:426} INFO - Running <TaskInstance: example_bash_operator.run_after_loop scheduled__2024-04-17T00:00:00+00:00 [running]> on host d7f8e5549574
[2024-04-18T01:20:11.006+0000] {taskinstance.py:2644} INFO - Exporting env vars: AIRFLOW_CTX_DAG_OWNER='***' AIRFLOW_CTX_DAG_ID='example_bash_operator' AIRFLOW_CTX_TASK_ID='run_after_loop' AIRFLOW_CTX_EXECUTION_DATE='2024-04-17T00:00:00+00:00' AIRFLOW_CTX_TRY_NUMBER='1' AIRFLOW_CTX_DAG_RUN_ID='scheduled__2024-04-17T00:00:00+00:00'
[2024-04-18T01:20:11.008+0000] {taskinstance.py:430} INFO - ::endgroup::
[2024-04-18T01:20:11.010+0000] {subprocess.py:63} INFO - Tmp dir root location: /tmp
[2024-04-18T01:20:11.012+0000] {subprocess.py:75} INFO - Running command: ['/usr/bin/bash', '-c', "ls -alh --color=always / && echo https://***.apache.org/  && echo 'some <code>html</code>'"]
[2024-04-18T01:20:11.028+0000] {subprocess.py:86} INFO - Output:
[2024-04-18T01:20:11.035+0000] {subprocess.py:93} INFO - total 164K
[2024-04-18T01:20:11.036+0000] {subprocess.py:93} INFO - drwxr-xr-x   1 root    root 4.0K Apr 18 01:11 .
[2024-04-18T01:20:11.037+0000] {subprocess.py:93} INFO - drwxr-xr-x   1 root    root 4.0K Apr 18 01:11 ..
[2024-04-18T01:20:11.037+0000] {subprocess.py:93} INFO - -rwxr-xr-x   1 root    root    0 Apr 18 01:11 .dockerenv
[2024-04-18T01:20:11.038+0000] {subprocess.py:93} INFO - -rw-r--r--   1 *** root  72K Apr  8 10:19 Dockerfile
[2024-04-18T01:20:11.038+0000] {subprocess.py:93} INFO - -rw-rw-r--   1 root    root  282 Apr  8 10:21 ***-scheduler-autorestart
[2024-04-18T01:20:11.039+0000] {subprocess.py:93} INFO - lrwxrwxrwx   1 root    root    7 Mar 11 00:00 bin -> usr/bin
[2024-04-18T01:20:11.039+0000] {subprocess.py:93} INFO - drwxr-xr-x   2 root    root 4.0K Jan 28 21:20 boot
[2024-04-18T01:20:11.040+0000] {subprocess.py:93} INFO - -rwxrwxr-x   1 root    root  643 Apr  8 10:21 clean-logs
[2024-04-18T01:20:11.040+0000] {subprocess.py:93} INFO - drwxr-xr-x   5 root    root  340 Apr 18 01:11 dev
[2024-04-18T01:20:11.041+0000] {subprocess.py:93} INFO - -rwxrwxr-x   1 root    root  12K Apr  8 10:21 entrypoint
[2024-04-18T01:20:11.041+0000] {subprocess.py:93} INFO - drwxr-xr-x   1 root    root 4.0K Apr 18 01:11 etc
[2024-04-18T01:20:11.042+0000] {subprocess.py:93} INFO - drwxr-xr-x   1 root    root 4.0K Apr  8 10:22 home
[2024-04-18T01:20:11.042+0000] {subprocess.py:93} INFO - lrwxrwxrwx   1 root    root    7 Mar 11 00:00 lib -> usr/lib
[2024-04-18T01:20:11.042+0000] {subprocess.py:93} INFO - lrwxrwxrwx   1 root    root    9 Mar 11 00:00 lib64 -> usr/lib64
[2024-04-18T01:20:11.043+0000] {subprocess.py:93} INFO - drwxr-xr-x   2 root    root 4.0K Mar 11 00:00 media
[2024-04-18T01:20:11.043+0000] {subprocess.py:93} INFO - drwxr-xr-x   2 root    root 4.0K Mar 11 00:00 mnt
[2024-04-18T01:20:11.044+0000] {subprocess.py:93} INFO - drwxr-xr-x   1 root    root 4.0K Apr  8 10:22 opt
[2024-04-18T01:20:11.044+0000] {subprocess.py:93} INFO - dr-xr-xr-x 376 root    root    0 Apr 18 01:11 proc
[2024-04-18T01:20:11.044+0000] {subprocess.py:93} INFO - drwx------   1 root    root 4.0K Apr  8 10:25 root
[2024-04-18T01:20:11.045+0000] {subprocess.py:93} INFO - drwxr-xr-x   1 root    root 4.0K Apr  8 10:21 run
[2024-04-18T01:20:11.045+0000] {subprocess.py:93} INFO - lrwxrwxrwx   1 root    root    8 Mar 11 00:00 sbin -> usr/sbin
[2024-04-18T01:20:11.046+0000] {subprocess.py:93} INFO - drwxr-xr-x   1 root    root 4.0K Apr  8 10:21 scripts
[2024-04-18T01:20:11.046+0000] {subprocess.py:93} INFO - drwxr-xr-x   2 root    root 4.0K Mar 11 00:00 srv
[2024-04-18T01:20:11.047+0000] {subprocess.py:93} INFO - dr-xr-xr-x  11 root    root    0 Apr 18 01:11 sys
[2024-04-18T01:20:11.048+0000] {subprocess.py:93} INFO - drwxrwxrwt   1 root    root 4.0K Apr 18 01:20 tmp
[2024-04-18T01:20:11.048+0000] {subprocess.py:93} INFO - drwxr-xr-x   1 root    root 4.0K Mar 11 00:00 usr
[2024-04-18T01:20:11.048+0000] {subprocess.py:93} INFO - drwxr-xr-x   1 root    root 4.0K Mar 11 00:00 var
[2024-04-18T01:20:11.049+0000] {subprocess.py:93} INFO - https://***.apache.org/
[2024-04-18T01:20:11.049+0000] {subprocess.py:93} INFO - some <code>html</code>
[2024-04-18T01:20:11.049+0000] {subprocess.py:97} INFO - Command exited with return code 0
[2024-04-18T01:20:11.050+0000] {taskinstance.py:441} INFO - ::group::Post task execution logs
[2024-04-18T01:20:11.089+0000] {taskinstance.py:1205} INFO - Marking task as SUCCESS. dag_id=example_bash_operator, task_id=run_after_loop, execution_date=20240417T000000, start_date=20240418T012010, end_date=20240418T012011
[2024-04-18T01:20:11.148+0000] {local_task_job_runner.py:240} INFO - Task exited with return code 0
[2024-04-18T01:20:11.177+0000] {taskinstance.py:3482} INFO - 0 downstream tasks scheduled from follow-on schedule check
[2024-04-18T01:20:11.179+0000] {local_task_job_runner.py:222} INFO - ::endgroup::
